#
# There is insufficient memory for the Java Runtime Environment to continue.
# Native memory allocation (malloc) failed to allocate 329376 bytes for Chunk::new
# Possible reasons:
#   The system is out of physical RAM or swap space
#   The process is running with CompressedOops enabled, and the Java Heap may be blocking the growth of the native heap
# Possible solutions:
#   Reduce memory load on the system
#   Increase physical memory or swap space
#   Check if swap backing store is full
#   Decrease Java heap size (-Xmx/-Xms)
#   Decrease number of Java threads
#   Decrease Java thread stack sizes (-Xss)
#   Set larger code cache with -XX:ReservedCodeCacheSize=
#   JVM is running with Zero Based Compressed Oops mode in which the Java heap is
#     placed in the first 32GB address space. The Java Heap base address is the
#     maximum limit for the native heap growth. Please use -XX:HeapBaseMinAddress
#     to set the Java Heap base and to place the Java Heap above 32GB virtual address.
# This output file may be truncated or incomplete.
#
#  Out of Memory Error (arena.cpp:189), pid=3376, tid=23452
#
# JRE version: Java(TM) SE Runtime Environment (17.0.7+8) (build 17.0.7+8-LTS-224)
# Java VM: Java HotSpot(TM) 64-Bit Server VM (17.0.7+8-LTS-224, mixed mode, sharing, tiered, compressed oops, compressed class ptrs, g1 gc, windows-amd64)
# No core dump will be written. Minidumps are not enabled by default on client versions of Windows
#

---------------  S U M M A R Y ------------

Command Line: -XX:+ShowCodeDetailsInExceptionMessages com.example.learningservice.UserProgressApplication

Host: Intel(R) Core(TM) i7-8550U CPU @ 1.80GHz, 8 cores, 11G,  Windows 10 , 64 bit Build 19041 (10.0.19041.4597)
Time: Sun Aug 11 10:30:22 2024 SE Asia Standard Time elapsed time: 2483.517923 seconds (0d 0h 41m 23s)

---------------  T H R E A D  ---------------

Current thread (0x0000022fff3755f0):  JavaThread "C2 CompilerThread0" daemon [_thread_in_native, id=23452, stack(0x0000003210700000,0x0000003210800000)]


Current CompileTask:
C2:2483518 11475   !   4       org.apache.coyote.http11.Http11Processor::service (1252 bytes)

Stack: [0x0000003210700000,0x0000003210800000]
Native frames: (J=compiled Java code, j=interpreted, Vv=VM code, C=native code)
V  [jvm.dll+0x676a4a]
V  [jvm.dll+0x7d74f4]
V  [jvm.dll+0x7d8c9e]
V  [jvm.dll+0x7d9303]
V  [jvm.dll+0x2452c5]
V  [jvm.dll+0xaaa2b]
V  [jvm.dll+0xaafcc]
V  [jvm.dll+0x2aac2f]
V  [jvm.dll+0x57f375]
V  [jvm.dll+0x2205f2]
V  [jvm.dll+0x2196cd]
V  [jvm.dll+0x216df9]
V  [jvm.dll+0x1a35e0]
V  [jvm.dll+0x226a6e]
V  [jvm.dll+0x224e15]
V  [jvm.dll+0x78d05c]
V  [jvm.dll+0x78759a]
V  [jvm.dll+0x675875]
C  [ucrtbase.dll+0x21bb2]
C  [KERNEL32.DLL+0x17374]
C  [ntdll.dll+0x4cc91]


---------------  P R O C E S S  ---------------

Threads class SMR info:
_java_thread_list=0x0000022f89f27c80, length=31, elements={
0x0000022fff32e300, 0x0000022fff331090, 0x0000022fff3479f0, 0x0000022fff3482b0,
0x0000022fff348b70, 0x0000022fff351440, 0x0000022fff3755f0, 0x0000022fff375fa0,
0x0000022fff3788b0, 0x0000022f8212e360, 0x0000022f82134a30, 0x0000022f86afa810,
0x0000022f86289780, 0x0000022f87d57c20, 0x0000022f837a4830, 0x0000022f84704f40,
0x0000022f845fd280, 0x0000022f83b22890, 0x0000022f851db500, 0x0000022f851de9f0,
0x0000022f851ddb80, 0x0000022f851de050, 0x0000022f851db030, 0x0000022f851dcd10,
0x0000022f851db9d0, 0x0000022f851dd1e0, 0x0000022f851de520, 0x0000022f866cbbf0,
0x0000022f866cc0c0, 0x0000022f866ca8b0, 0x0000022f86380470
}

Java Threads: ( => current thread )
  0x0000022fff32e300 JavaThread "Reference Handler" daemon [_thread_blocked, id=7872, stack(0x0000003210100000,0x0000003210200000)]
  0x0000022fff331090 JavaThread "Finalizer" daemon [_thread_blocked, id=9768, stack(0x0000003210200000,0x0000003210300000)]
  0x0000022fff3479f0 JavaThread "Signal Dispatcher" daemon [_thread_blocked, id=24068, stack(0x0000003210300000,0x0000003210400000)]
  0x0000022fff3482b0 JavaThread "Attach Listener" daemon [_thread_blocked, id=24544, stack(0x0000003210400000,0x0000003210500000)]
  0x0000022fff348b70 JavaThread "Service Thread" daemon [_thread_blocked, id=22852, stack(0x0000003210500000,0x0000003210600000)]
  0x0000022fff351440 JavaThread "Monitor Deflation Thread" daemon [_thread_blocked, id=18268, stack(0x0000003210600000,0x0000003210700000)]
=>0x0000022fff3755f0 JavaThread "C2 CompilerThread0" daemon [_thread_in_native, id=23452, stack(0x0000003210700000,0x0000003210800000)]
  0x0000022fff375fa0 JavaThread "C1 CompilerThread0" daemon [_thread_blocked, id=15128, stack(0x0000003210800000,0x0000003210900000)]
  0x0000022fff3788b0 JavaThread "Sweeper thread" daemon [_thread_blocked, id=24512, stack(0x0000003210900000,0x0000003210a00000)]
  0x0000022f8212e360 JavaThread "Notification Thread" daemon [_thread_blocked, id=19960, stack(0x0000003210a00000,0x0000003210b00000)]
  0x0000022f82134a30 JavaThread "Common-Cleaner" daemon [_thread_blocked, id=7260, stack(0x0000003210c00000,0x0000003210d00000)]
  0x0000022f86afa810 JavaThread "Catalina-utility-1" [_thread_blocked, id=4180, stack(0x0000003211700000,0x0000003211800000)]
  0x0000022f86289780 JavaThread "Catalina-utility-2" [_thread_blocked, id=9428, stack(0x0000003211800000,0x0000003211900000)]
  0x0000022f87d57c20 JavaThread "http-nio-8084-exec-1" daemon [_thread_blocked, id=12740, stack(0x0000003211900000,0x0000003211a00000)]
  0x0000022f837a4830 JavaThread "http-nio-8084-exec-2" daemon [_thread_blocked, id=22888, stack(0x0000003211a00000,0x0000003211b00000)]
  0x0000022f84704f40 JavaThread "http-nio-8084-exec-3" daemon [_thread_blocked, id=23068, stack(0x0000003211b00000,0x0000003211c00000)]
  0x0000022f845fd280 JavaThread "http-nio-8084-exec-4" daemon [_thread_blocked, id=12760, stack(0x0000003211c00000,0x0000003211d00000)]
  0x0000022f83b22890 JavaThread "http-nio-8084-exec-5" daemon [_thread_blocked, id=13208, stack(0x0000003211d00000,0x0000003211e00000)]
  0x0000022f851db500 JavaThread "http-nio-8084-exec-6" daemon [_thread_blocked, id=7388, stack(0x0000003211e00000,0x0000003211f00000)]
  0x0000022f851de9f0 JavaThread "http-nio-8084-exec-7" daemon [_thread_blocked, id=19944, stack(0x0000003211f00000,0x0000003212000000)]
  0x0000022f851ddb80 JavaThread "http-nio-8084-exec-8" daemon [_thread_blocked, id=18788, stack(0x0000003212000000,0x0000003212100000)]
  0x0000022f851de050 JavaThread "http-nio-8084-exec-9" daemon [_thread_blocked, id=21144, stack(0x0000003212100000,0x0000003212200000)]
  0x0000022f851db030 JavaThread "http-nio-8084-exec-10" daemon [_thread_blocked, id=12132, stack(0x0000003212200000,0x0000003212300000)]
  0x0000022f851dcd10 JavaThread "container-0" [_thread_blocked, id=23912, stack(0x0000003212300000,0x0000003212400000)]
  0x0000022f851db9d0 JavaThread "mysql-cj-abandoned-connection-cleanup" daemon [_thread_blocked, id=11928, stack(0x0000003212400000,0x0000003212500000)]
  0x0000022f851dd1e0 JavaThread "HikariPool-1 housekeeper" daemon [_thread_blocked, id=20136, stack(0x0000003212600000,0x0000003212700000)]
  0x0000022f851de520 JavaThread "boundedElastic-evictor-1" daemon [_thread_blocked, id=19988, stack(0x0000003212800000,0x0000003212900000)]
  0x0000022f866cbbf0 JavaThread "http-nio-8084-Poller" daemon [_thread_in_native, id=20464, stack(0x0000003212900000,0x0000003212a00000)]
  0x0000022f866cc0c0 JavaThread "http-nio-8084-Acceptor" daemon [_thread_in_native, id=20472, stack(0x0000003212a00000,0x0000003212b00000)]
  0x0000022f866ca8b0 JavaThread "DestroyJavaVM" [_thread_blocked, id=18264, stack(0x000000320fa00000,0x000000320fb00000)]
  0x0000022f86380470 JavaThread "C2 CompilerThread1" daemon [_thread_in_native, id=20200, stack(0x000000320f700000,0x000000320f800000)]

Other Threads:
  0x0000022fff328f30 VMThread "VM Thread" [stack: 0x0000003210000000,0x0000003210100000] [id=21376]
  0x0000022fded12690 WatcherThread [stack: 0x0000003210b00000,0x0000003210c00000] [id=18872]
  0x0000022fdecf89d0 GCTaskThread "GC Thread#0" [stack: 0x000000320fb00000,0x000000320fc00000] [id=3120]
  0x0000022f82ee71a0 GCTaskThread "GC Thread#1" [stack: 0x0000003210e00000,0x0000003210f00000] [id=13336]
  0x0000022f82ee7450 GCTaskThread "GC Thread#2" [stack: 0x0000003210f00000,0x0000003211000000] [id=16048]
  0x0000022f82ee7b10 GCTaskThread "GC Thread#3" [stack: 0x0000003211000000,0x0000003211100000] [id=15396]
  0x0000022f825f73f0 GCTaskThread "GC Thread#4" [stack: 0x0000003211100000,0x0000003211200000] [id=12532]
  0x0000022f833580a0 GCTaskThread "GC Thread#5" [stack: 0x0000003211300000,0x0000003211400000] [id=604]
  0x0000022f83108eb0 GCTaskThread "GC Thread#6" [stack: 0x0000003211400000,0x0000003211500000] [id=16496]
  0x0000022f8372e500 GCTaskThread "GC Thread#7" [stack: 0x0000003211500000,0x0000003211600000] [id=19164]
  0x0000022fded06640 ConcurrentGCThread "G1 Main Marker" [stack: 0x000000320fc00000,0x000000320fd00000] [id=21024]
  0x0000022fded07700 ConcurrentGCThread "G1 Conc#0" [stack: 0x000000320fd00000,0x000000320fe00000] [id=14840]
  0x0000022f83850300 ConcurrentGCThread "G1 Conc#1" [stack: 0x0000003211200000,0x0000003211300000] [id=19608]
  0x0000022fff1ea500 ConcurrentGCThread "G1 Refine#0" [stack: 0x000000320fe00000,0x000000320ff00000] [id=8688]
  0x0000022fff1ead30 ConcurrentGCThread "G1 Service" [stack: 0x000000320ff00000,0x0000003210000000] [id=19176]

Threads with active compile tasks:
C2 CompilerThread0  2483566 11475   !   4       org.apache.coyote.http11.Http11Processor::service (1252 bytes)
C2 CompilerThread1  2483566 11479       4       org.springframework.web.servlet.mvc.method.RequestMappingInfoHandlerMapping::extractMatchDetails (122 bytes)

VM state: not at safepoint (normal execution)

VM Mutex/Monitor currently owned by a thread: None

Heap address: 0x0000000741e00000, size: 3042 MB, Compressed Oops mode: Zero based, Oop shift amount: 3

CDS archive(s) mapped at: [0x0000000800000000-0x0000000800bd0000-0x0000000800bd0000), size 12386304, SharedBaseAddress: 0x0000000800000000, ArchiveRelocationMode: 0.
Compressed class space mapped at: 0x0000000800c00000-0x0000000840c00000, reserved size: 1073741824
Narrow klass base: 0x0000000800000000, Narrow klass shift: 0, Narrow klass range: 0x100000000

GC Precious Log:
 CPUs: 8 total, 8 available
 Memory: 12162M
 Large Page Support: Disabled
 NUMA Support: Disabled
 Compressed Oops: Enabled (Zero based)
 Heap Region Size: 2M
 Heap Min Capacity: 8M
 Heap Initial Capacity: 192M
 Heap Max Capacity: 3042M
 Pre-touch: Disabled
 Parallel Workers: 8
 Concurrent Workers: 2
 Concurrent Refinement Workers: 8
 Periodic GC: Disabled

Heap:
 garbage-first heap   total 73728K, used 51085K [0x0000000741e00000, 0x0000000800000000)
  region size 2048K, 10 young (20480K), 1 survivors (2048K)
 Metaspace       used 82857K, committed 83456K, reserved 1122304K
  class space    used 10847K, committed 11136K, reserved 1048576K

Heap Regions: E=young(eden), S=young(survivor), O=old, HS=humongous(starts), HC=humongous(continues), CS=collection set, F=free, OA=open archive, CA=closed archive, TAMS=top-at-mark-start (previous, next)
|   0|0x0000000741e00000, 0x0000000742000000, 0x0000000742000000|100%| O|  |TAMS 0x0000000742000000, 0x0000000741e00000| Untracked 
|   1|0x0000000742000000, 0x0000000742200000, 0x0000000742200000|100%| O|  |TAMS 0x0000000742200000, 0x0000000742000000| Untracked 
|   2|0x0000000742200000, 0x0000000742400000, 0x0000000742400000|100%| O|  |TAMS 0x0000000742400000, 0x0000000742200000| Untracked 
|   3|0x0000000742400000, 0x00000007425c6400, 0x0000000742600000| 88%| O|  |TAMS 0x00000007425bc600, 0x0000000742400000| Untracked 
|   4|0x0000000742600000, 0x0000000742800000, 0x0000000742800000|100%| O|  |TAMS 0x0000000742800000, 0x0000000742600000| Untracked 
|   5|0x0000000742800000, 0x0000000742a00000, 0x0000000742a00000|100%| O|  |TAMS 0x0000000742a00000, 0x0000000742800000| Untracked 
|   6|0x0000000742a00000, 0x0000000742c00000, 0x0000000742c00000|100%| O|  |TAMS 0x0000000742c00000, 0x0000000742a00000| Untracked 
|   7|0x0000000742c00000, 0x0000000742c00000, 0x0000000742e00000|  0%| F|  |TAMS 0x0000000742c00000, 0x0000000742c00000| Untracked 
|   8|0x0000000742e00000, 0x0000000743000000, 0x0000000743000000|100%| O|  |TAMS 0x0000000743000000, 0x0000000742e00000| Untracked 
|   9|0x0000000743000000, 0x0000000743200000, 0x0000000743200000|100%| O|  |TAMS 0x0000000743200000, 0x0000000743000000| Untracked 
|  10|0x0000000743200000, 0x0000000743400000, 0x0000000743400000|100%| O|  |TAMS 0x0000000743400000, 0x0000000743200000| Untracked 
|  11|0x0000000743400000, 0x0000000743600000, 0x0000000743600000|100%| O|  |TAMS 0x0000000743600000, 0x0000000743400000| Untracked 
|  12|0x0000000743600000, 0x0000000743600000, 0x0000000743800000|  0%| F|  |TAMS 0x0000000743600000, 0x0000000743600000| Untracked 
|  13|0x0000000743800000, 0x0000000743a00000, 0x0000000743a00000|100%| O|  |TAMS 0x0000000743a00000, 0x0000000743800000| Untracked 
|  14|0x0000000743a00000, 0x0000000743c00000, 0x0000000743c00000|100%| O|  |TAMS 0x0000000743c00000, 0x0000000743a00000| Untracked 
|  15|0x0000000743c00000, 0x0000000743e00000, 0x0000000743e00000|100%| O|  |TAMS 0x0000000743e00000, 0x0000000743c00000| Untracked 
|  16|0x0000000743e00000, 0x0000000744000000, 0x0000000744000000|100%| O|  |TAMS 0x0000000744000000, 0x0000000743e00000| Untracked 
|  17|0x0000000744000000, 0x0000000744200000, 0x0000000744200000|100%| O|  |TAMS 0x0000000744200000, 0x0000000744000000| Untracked 
|  18|0x0000000744200000, 0x0000000744400000, 0x0000000744400000|100%| O|  |TAMS 0x0000000744400000, 0x0000000744200000| Untracked 
|  19|0x0000000744400000, 0x0000000744400000, 0x0000000744600000|  0%| F|  |TAMS 0x0000000744400000, 0x0000000744400000| Untracked 
|  20|0x0000000744600000, 0x0000000744600000, 0x0000000744800000|  0%| F|  |TAMS 0x0000000744600000, 0x0000000744600000| Untracked 
|  21|0x0000000744800000, 0x000000074481d0a0, 0x0000000744a00000|  5%| S|CS|TAMS 0x0000000744800000, 0x0000000744800000| Complete 
|  22|0x0000000744a00000, 0x0000000744a00000, 0x0000000744c00000|  0%| F|  |TAMS 0x0000000744a00000, 0x0000000744a00000| Untracked 
|  23|0x0000000744c00000, 0x0000000744c00000, 0x0000000744e00000|  0%| F|  |TAMS 0x0000000744c00000, 0x0000000744c00000| Untracked 
|  24|0x0000000744e00000, 0x0000000744e00000, 0x0000000745000000|  0%| F|  |TAMS 0x0000000744e00000, 0x0000000744e00000| Untracked 
|  25|0x0000000745000000, 0x0000000745000000, 0x0000000745200000|  0%| F|  |TAMS 0x0000000745000000, 0x0000000745000000| Untracked 
|  26|0x0000000745200000, 0x0000000745200000, 0x0000000745400000|  0%| F|  |TAMS 0x0000000745200000, 0x0000000745200000| Untracked 
|  27|0x0000000745400000, 0x000000074541b4d0, 0x0000000745600000|  5%| E|  |TAMS 0x0000000745400000, 0x0000000745400000| Complete 
|  28|0x0000000745600000, 0x0000000745800000, 0x0000000745800000|100%| E|CS|TAMS 0x0000000745600000, 0x0000000745600000| Complete 
|  29|0x0000000745800000, 0x0000000745a00000, 0x0000000745a00000|100%| E|CS|TAMS 0x0000000745800000, 0x0000000745800000| Complete 
|  30|0x0000000745a00000, 0x0000000745c00000, 0x0000000745c00000|100%| E|CS|TAMS 0x0000000745a00000, 0x0000000745a00000| Complete 
|  84|0x000000074c600000, 0x000000074c800000, 0x000000074c800000|100%| E|CS|TAMS 0x000000074c600000, 0x000000074c600000| Complete 
|  85|0x000000074c800000, 0x000000074ca00000, 0x000000074ca00000|100%| E|CS|TAMS 0x000000074c800000, 0x000000074c800000| Complete 
|  86|0x000000074ca00000, 0x000000074cc00000, 0x000000074cc00000|100%| E|CS|TAMS 0x000000074ca00000, 0x000000074ca00000| Complete 
|  87|0x000000074cc00000, 0x000000074ce00000, 0x000000074ce00000|100%| E|CS|TAMS 0x000000074cc00000, 0x000000074cc00000| Complete 
|  95|0x000000074dc00000, 0x000000074de00000, 0x000000074de00000|100%| E|CS|TAMS 0x000000074dc00000, 0x000000074dc00000| Complete 

Card table byte_map: [0x0000022ff7d70000,0x0000022ff8370000] _byte_map_base: 0x0000022ff4361000

Marking Bits (Prev, Next): (CMBitMap*) 0x0000022fdecf9f00, (CMBitMap*) 0x0000022fdecf9f40
 Prev Bits: [0x0000022ff8970000, 0x0000022ffb8f8000)
 Next Bits: [0x0000022ffb900000, 0x0000022ffe888000)

Polling page: 0x0000022fded60000

Metaspace:

Usage:
  Non-class:     70.32 MB used.
      Class:     10.59 MB used.
       Both:     80.92 MB used.

Virtual space:
  Non-class space:       72.00 MB reserved,      70.62 MB ( 98%) committed,  9 nodes.
      Class space:        1.00 GB reserved,      10.88 MB (  1%) committed,  1 nodes.
             Both:        1.07 GB reserved,      81.50 MB (  7%) committed. 

Chunk freelists:
   Non-Class:  1.00 MB
       Class:  1.04 MB
        Both:  2.04 MB

MaxMetaspaceSize: unlimited
CompressedClassSpaceSize: 1.00 GB
Initial GC threshold: 21.00 MB
Current GC threshold: 135.75 MB
CDS: on
MetaspaceReclaimPolicy: balanced
 - commit_granule_bytes: 65536.
 - commit_granule_words: 8192.
 - virtual_space_node_default_size: 1048576.
 - enlarge_chunks_in_place: 1.
 - new_chunks_are_fully_committed: 0.
 - uncommit_free_chunks: 1.
 - use_allocation_guard: 0.
 - handle_deallocations: 1.


Internal statistics:

num_allocs_failed_limit: 9.
num_arena_births: 830.
num_arena_deaths: 0.
num_vsnodes_births: 10.
num_vsnodes_deaths: 0.
num_space_committed: 1304.
num_space_uncommitted: 0.
num_chunks_returned_to_freelist: 9.
num_chunks_taken_from_freelist: 3765.
num_chunk_merges: 6.
num_chunk_splits: 2733.
num_chunks_enlarged: 2213.
num_purges: 0.
num_inconsistent_stats: 0.

CodeHeap 'non-profiled nmethods': size=120000Kb used=9296Kb max_used=9296Kb free=110703Kb
 bounds [0x0000022fef7e0000, 0x0000022ff0100000, 0x0000022ff6d10000]
CodeHeap 'profiled nmethods': size=120000Kb used=17303Kb max_used=20237Kb free=102696Kb
 bounds [0x0000022fe7d10000, 0x0000022fe90e0000, 0x0000022fef240000]
CodeHeap 'non-nmethods': size=5760Kb used=1394Kb max_used=1521Kb free=4365Kb
 bounds [0x0000022fef240000, 0x0000022fef4b0000, 0x0000022fef7e0000]
 total_blobs=9963 nmethods=9234 adapters=640
 compilation: enabled
              stopped_count=0, restarted_count=0
 full_count=0

Compilation events (20 events):
Event: 2483.168 Thread 0x0000022fff3755f0 nmethod 11463 0x0000022ff00e1090 code [0x0000022ff00e1280, 0x0000022ff00e1e88]
Event: 2483.176 Thread 0x0000022fff3755f0 11466       4       java.util.HashMap$KeySet::contains (9 bytes)
Event: 2483.181 Thread 0x0000022f86380470 nmethod 11458 0x0000022ff00e2510 code [0x0000022ff00e27e0, 0x0000022ff00e4870]
Event: 2483.184 Thread 0x0000022fff3755f0 nmethod 11466 0x0000022ff00e5f10 code [0x0000022ff00e60c0, 0x0000022ff00e6438]
Event: 2483.277 Thread 0x0000022fff3755f0 11467   !   4       com.mysql.cj.protocol.a.NativeProtocol::sendCommand (456 bytes)
Event: 2483.284 Thread 0x0000022f86380470 11468       4       org.hibernate.persister.entity.AbstractEntityPersister::findAttributeMapping (37 bytes)
Event: 2483.314 Thread 0x0000022f86380470 nmethod 11468 0x0000022ff00e6710 code [0x0000022ff00e68e0, 0x0000022ff00e70a8]
Event: 2483.314 Thread 0x0000022f86380470 11469   !   4       com.mysql.cj.jdbc.ConnectionImpl::getDatabase (29 bytes)
Event: 2483.316 Thread 0x0000022f86380470 nmethod 11469 0x0000022ff00e7710 code [0x0000022ff00e7880, 0x0000022ff00e7a78]
Event: 2483.343 Thread 0x0000022fff3755f0 nmethod 11467 0x0000022ff00e7b90 code [0x0000022ff00e7e80, 0x0000022ff00e95a0]
Event: 2483.373 Thread 0x0000022fff3755f0 11470   !   4       org.apache.tomcat.util.net.SocketProcessorBase::run (54 bytes)
Event: 2483.383 Thread 0x0000022f86380470 11471   !   4       org.springframework.aop.framework.JdkDynamicAopProxy::invoke (663 bytes)
Event: 2483.389 Thread 0x0000022fff3755f0 nmethod 11470 0x0000022ff00eaa10 code [0x0000022ff00eabe0, 0x0000022ff00eb210]
Event: 2483.394 Thread 0x0000022fff3755f0 11472   !   4       java.util.concurrent.CopyOnWriteArrayList::addIfAbsent (128 bytes)
Event: 2483.408 Thread 0x0000022fff3755f0 nmethod 11472 0x0000022ff00eb610 code [0x0000022ff00eb7a0, 0x0000022ff00ec018]
Event: 2483.408 Thread 0x0000022fff3755f0 11473       4       org.hibernate.type.descriptor.jdbc.JdbcType::appendWriteExpression (9 bytes)
Event: 2483.423 Thread 0x0000022fff3755f0 nmethod 11473 0x0000022ff00ec290 code [0x0000022ff00ec440, 0x0000022ff00ecb78]
Event: 2483.423 Thread 0x0000022fff3755f0 11475   !   4       org.apache.coyote.http11.Http11Processor::service (1252 bytes)
Event: 2483.472 Thread 0x0000022f86380470 nmethod 11471 0x0000022ff00ed110 code [0x0000022ff00ed360, 0x0000022ff00ee9a8]
Event: 2483.472 Thread 0x0000022f86380470 11474       4       java.util.concurrent.CopyOnWriteArrayList::addIfAbsent (31 bytes)

GC Heap History (20 events):
Event: 2446.657 GC heap before
{Heap before GC invocations=32 (full 0):
 garbage-first heap   total 73728K, used 61226K [0x0000000741e00000, 0x0000000800000000)
  region size 2048K, 14 young (28672K), 1 survivors (2048K)
 Metaspace       used 82848K, committed 83456K, reserved 1122304K
  class space    used 10844K, committed 11136K, reserved 1048576K
}
Event: 2446.661 GC heap after
{Heap after GC invocations=33 (full 0):
 garbage-first heap   total 73728K, used 34618K [0x0000000741e00000, 0x0000000800000000)
  region size 2048K, 1 young (2048K), 1 survivors (2048K)
 Metaspace       used 82848K, committed 83456K, reserved 1122304K
  class space    used 10844K, committed 11136K, reserved 1048576K
}
Event: 2450.421 GC heap before
{Heap before GC invocations=33 (full 0):
 garbage-first heap   total 73728K, used 61242K [0x0000000741e00000, 0x0000000800000000)
  region size 2048K, 14 young (28672K), 1 survivors (2048K)
 Metaspace       used 82850K, committed 83456K, reserved 1122304K
  class space    used 10845K, committed 11136K, reserved 1048576K
}
Event: 2450.425 GC heap after
{Heap after GC invocations=34 (full 0):
 garbage-first heap   total 73728K, used 34610K [0x0000000741e00000, 0x0000000800000000)
  region size 2048K, 1 young (2048K), 1 survivors (2048K)
 Metaspace       used 82850K, committed 83456K, reserved 1122304K
  class space    used 10845K, committed 11136K, reserved 1048576K
}
Event: 2454.568 GC heap before
{Heap before GC invocations=35 (full 0):
 garbage-first heap   total 73728K, used 61234K [0x0000000741e00000, 0x0000000800000000)
  region size 2048K, 14 young (28672K), 1 survivors (2048K)
 Metaspace       used 82851K, committed 83456K, reserved 1122304K
  class space    used 10845K, committed 11136K, reserved 1048576K
}
Event: 2454.572 GC heap after
{Heap after GC invocations=36 (full 0):
 garbage-first heap   total 73728K, used 34617K [0x0000000741e00000, 0x0000000800000000)
  region size 2048K, 1 young (2048K), 1 survivors (2048K)
 Metaspace       used 82851K, committed 83456K, reserved 1122304K
  class space    used 10845K, committed 11136K, reserved 1048576K
}
Event: 2459.050 GC heap before
{Heap before GC invocations=36 (full 0):
 garbage-first heap   total 73728K, used 61241K [0x0000000741e00000, 0x0000000800000000)
  region size 2048K, 14 young (28672K), 1 survivors (2048K)
 Metaspace       used 82852K, committed 83456K, reserved 1122304K
  class space    used 10845K, committed 11136K, reserved 1048576K
}
Event: 2459.054 GC heap after
{Heap after GC invocations=37 (full 0):
 garbage-first heap   total 73728K, used 34626K [0x0000000741e00000, 0x0000000800000000)
  region size 2048K, 1 young (2048K), 1 survivors (2048K)
 Metaspace       used 82852K, committed 83456K, reserved 1122304K
  class space    used 10845K, committed 11136K, reserved 1048576K
}
Event: 2463.185 GC heap before
{Heap before GC invocations=38 (full 0):
 garbage-first heap   total 73728K, used 61250K [0x0000000741e00000, 0x0000000800000000)
  region size 2048K, 14 young (28672K), 1 survivors (2048K)
 Metaspace       used 82853K, committed 83456K, reserved 1122304K
  class space    used 10845K, committed 11136K, reserved 1048576K
}
Event: 2463.189 GC heap after
{Heap after GC invocations=39 (full 0):
 garbage-first heap   total 73728K, used 34642K [0x0000000741e00000, 0x0000000800000000)
  region size 2048K, 1 young (2048K), 1 survivors (2048K)
 Metaspace       used 82853K, committed 83456K, reserved 1122304K
  class space    used 10845K, committed 11136K, reserved 1048576K
}
Event: 2466.429 GC heap before
{Heap before GC invocations=39 (full 0):
 garbage-first heap   total 73728K, used 61266K [0x0000000741e00000, 0x0000000800000000)
  region size 2048K, 14 young (28672K), 1 survivors (2048K)
 Metaspace       used 82853K, committed 83456K, reserved 1122304K
  class space    used 10845K, committed 11136K, reserved 1048576K
}
Event: 2466.433 GC heap after
{Heap after GC invocations=40 (full 0):
 garbage-first heap   total 73728K, used 34656K [0x0000000741e00000, 0x0000000800000000)
  region size 2048K, 1 young (2048K), 1 survivors (2048K)
 Metaspace       used 82853K, committed 83456K, reserved 1122304K
  class space    used 10845K, committed 11136K, reserved 1048576K
}
Event: 2470.117 GC heap before
{Heap before GC invocations=41 (full 0):
 garbage-first heap   total 73728K, used 61280K [0x0000000741e00000, 0x0000000800000000)
  region size 2048K, 14 young (28672K), 1 survivors (2048K)
 Metaspace       used 82853K, committed 83456K, reserved 1122304K
  class space    used 10845K, committed 11136K, reserved 1048576K
}
Event: 2470.120 GC heap after
{Heap after GC invocations=42 (full 0):
 garbage-first heap   total 73728K, used 34682K [0x0000000741e00000, 0x0000000800000000)
  region size 2048K, 1 young (2048K), 1 survivors (2048K)
 Metaspace       used 82853K, committed 83456K, reserved 1122304K
  class space    used 10845K, committed 11136K, reserved 1048576K
}
Event: 2473.796 GC heap before
{Heap before GC invocations=42 (full 0):
 garbage-first heap   total 73728K, used 61306K [0x0000000741e00000, 0x0000000800000000)
  region size 2048K, 14 young (28672K), 1 survivors (2048K)
 Metaspace       used 82853K, committed 83456K, reserved 1122304K
  class space    used 10845K, committed 11136K, reserved 1048576K
}
Event: 2473.798 GC heap after
{Heap after GC invocations=43 (full 0):
 garbage-first heap   total 73728K, used 34663K [0x0000000741e00000, 0x0000000800000000)
  region size 2048K, 1 young (2048K), 1 survivors (2048K)
 Metaspace       used 82853K, committed 83456K, reserved 1122304K
  class space    used 10845K, committed 11136K, reserved 1048576K
}
Event: 2477.595 GC heap before
{Heap before GC invocations=44 (full 0):
 garbage-first heap   total 73728K, used 61287K [0x0000000741e00000, 0x0000000800000000)
  region size 2048K, 14 young (28672K), 1 survivors (2048K)
 Metaspace       used 82853K, committed 83456K, reserved 1122304K
  class space    used 10845K, committed 11136K, reserved 1048576K
}
Event: 2477.597 GC heap after
{Heap after GC invocations=45 (full 0):
 garbage-first heap   total 73728K, used 34671K [0x0000000741e00000, 0x0000000800000000)
  region size 2048K, 1 young (2048K), 1 survivors (2048K)
 Metaspace       used 82853K, committed 83456K, reserved 1122304K
  class space    used 10845K, committed 11136K, reserved 1048576K
}
Event: 2480.942 GC heap before
{Heap before GC invocations=45 (full 0):
 garbage-first heap   total 73728K, used 61295K [0x0000000741e00000, 0x0000000800000000)
  region size 2048K, 14 young (28672K), 1 survivors (2048K)
 Metaspace       used 82857K, committed 83456K, reserved 1122304K
  class space    used 10847K, committed 11136K, reserved 1048576K
}
Event: 2480.944 GC heap after
{Heap after GC invocations=46 (full 0):
 garbage-first heap   total 73728K, used 34701K [0x0000000741e00000, 0x0000000800000000)
  region size 2048K, 1 young (2048K), 1 survivors (2048K)
 Metaspace       used 82857K, committed 83456K, reserved 1122304K
  class space    used 10847K, committed 11136K, reserved 1048576K
}

Deoptimization events (20 events):
Event: 2469.042 Thread 0x0000022f845fd280 Uncommon trap: trap_request=0xffffff45 fr.pc=0x0000022fefea64ec relative=0x00000000000022ac
Event: 2469.043 Thread 0x0000022f845fd280 Uncommon trap: reason=unstable_if action=reinterpret pc=0x0000022fefea64ec method=org.apache.tomcat.util.net.NioEndpoint$NioSocketWrapper.fillReadBuffer(ZLjava/nio/ByteBuffer;)I @ 210 c2
Event: 2469.043 Thread 0x0000022f845fd280 DEOPT PACKING pc=0x0000022fefea64ec sp=0x0000003211cff100
Event: 2469.043 Thread 0x0000022f851ddb80 Uncommon trap: trap_request=0xffffff45 fr.pc=0x0000022fefea64ec relative=0x00000000000022ac
Event: 2469.043 Thread 0x0000022f851ddb80 Uncommon trap: reason=unstable_if action=reinterpret pc=0x0000022fefea64ec method=org.apache.tomcat.util.net.NioEndpoint$NioSocketWrapper.fillReadBuffer(ZLjava/nio/ByteBuffer;)I @ 210 c2
Event: 2469.043 Thread 0x0000022f851ddb80 DEOPT PACKING pc=0x0000022fefea64ec sp=0x00000032120feb70
Event: 2469.043 Thread 0x0000022f851ddb80 DEOPT UNPACKING pc=0x0000022fef2923a3 sp=0x00000032120fea58 mode 2
Event: 2469.043 Thread 0x0000022f845fd280 DEOPT UNPACKING pc=0x0000022fef2923a3 sp=0x0000003211cfefe8 mode 2
Event: 2469.044 Thread 0x0000022f866cbbf0 Uncommon trap: trap_request=0xffffffc6 fr.pc=0x0000022fefd7c670 relative=0x0000000000000c10
Event: 2469.044 Thread 0x0000022f866cbbf0 Uncommon trap: reason=bimorphic_or_optimized_type_check action=maybe_recompile pc=0x0000022fefd7c670 method=java.util.HashMap.removeNode(ILjava/lang/Object;Ljava/lang/Object;ZZ)Ljava/util/HashMap$Node; @ 143 c2
Event: 2469.044 Thread 0x0000022f866cbbf0 DEOPT PACKING pc=0x0000022fefd7c670 sp=0x00000032129fef90
Event: 2469.044 Thread 0x0000022f866cbbf0 DEOPT UNPACKING pc=0x0000022fef2923a3 sp=0x00000032129fef28 mode 2
Event: 2470.999 Thread 0x0000022f866cbbf0 Uncommon trap: trap_request=0xffffffc6 fr.pc=0x0000022fefd7c670 relative=0x0000000000000c10
Event: 2470.999 Thread 0x0000022f866cbbf0 Uncommon trap: reason=bimorphic_or_optimized_type_check action=maybe_recompile pc=0x0000022fefd7c670 method=java.util.HashMap.removeNode(ILjava/lang/Object;Ljava/lang/Object;ZZ)Ljava/util/HashMap$Node; @ 143 c2
Event: 2470.999 Thread 0x0000022f866cbbf0 DEOPT PACKING pc=0x0000022fefd7c670 sp=0x00000032129fef90
Event: 2470.999 Thread 0x0000022f866cbbf0 DEOPT UNPACKING pc=0x0000022fef2923a3 sp=0x00000032129fef28 mode 2
Event: 2476.309 Thread 0x0000022f851de050 Uncommon trap: trap_request=0xffffff6e fr.pc=0x0000022ff007d5b0 relative=0x00000000000041d0
Event: 2476.309 Thread 0x0000022f851de050 Uncommon trap: reason=loop_limit_check action=maybe_recompile pc=0x0000022ff007d5b0 method=org.hibernate.query.sqm.tree.select.SqmQuerySpec.containsCollectionFetches()Z @ 21 c2
Event: 2476.309 Thread 0x0000022f851de050 DEOPT PACKING pc=0x0000022ff007d5b0 sp=0x00000032121fc990
Event: 2476.309 Thread 0x0000022f851de050 DEOPT UNPACKING pc=0x0000022fef2923a3 sp=0x00000032121fc800 mode 2

Classes unloaded (0 events):
No events

Classes redefined (0 events):
No events

Internal exceptions (20 events):
Event: 9.877 Thread 0x0000022fdec98d80 Exception <a 'java/lang/reflect/InvocationTargetException'{0x0000000745233cd8}> (0x0000000745233cd8) 
thrown [s\open\src\hotspot\share\runtime\reflection.cpp, line 1121]
Event: 10.298 Thread 0x0000022fdec98d80 Exception <a 'java/lang/IncompatibleClassChangeError'{0x000000074c8dd340}: Found class java.lang.Object, but interface was expected> (0x000000074c8dd340) 
thrown [s\open\src\hotspot\share\interpreter\linkResolver.cpp, line 826]
Event: 10.322 Thread 0x0000022fdec98d80 Implicit null exception at 0x0000022fef903246 to 0x0000022fef903302
Event: 10.327 Thread 0x0000022fdec98d80 Exception <a 'java/lang/NoSuchMethodError'{0x000000074c9c2ad8}: 'java.lang.Object java.lang.invoke.DirectMethodHandle$Holder.invokeInterface(java.lang.Object, java.lang.Object, java.lang.Object, java.lang.Object)'> (0x000000074c9c2ad8) 
thrown [s\open\src\hotspot\share\interpreter\linkResolver.cpp, line 759]
Event: 10.481 Thread 0x0000022fdec98d80 Exception <a 'sun/nio/fs/WindowsException'{0x0000000745920d38}> (0x0000000745920d38) 
thrown [s\open\src\hotspot\share\prims\jni.cpp, line 516]
Event: 10.737 Thread 0x0000022fdec98d80 Exception <a 'java/lang/IncompatibleClassChangeError'{0x00000007450ca218}: Found class java.lang.Object, but interface was expected> (0x00000007450ca218) 
thrown [s\open\src\hotspot\share\interpreter\linkResolver.cpp, line 826]
Event: 10.750 Thread 0x0000022fdec98d80 Implicit null exception at 0x0000022fef8854aa to 0x0000022fef885718
Event: 10.866 Thread 0x0000022fdec98d80 Exception <a 'java/lang/IncompatibleClassChangeError'{0x0000000744dad9a8}: Found class java.lang.Object, but interface was expected> (0x0000000744dad9a8) 
thrown [s\open\src\hotspot\share\interpreter\linkResolver.cpp, line 826]
Event: 10.916 Thread 0x0000022fdec98d80 Exception <a 'java/lang/NoSuchMethodError'{0x000000074dcbfbd0}: 'void java.lang.invoke.DirectMethodHandle$Holder.invokeVirtual(java.lang.Object, java.lang.Object, long)'> (0x000000074dcbfbd0) 
thrown [s\open\src\hotspot\share\interpreter\linkResolver.cpp, line 759]
Event: 10.924 Thread 0x0000022fdec98d80 Exception <a 'java/lang/NoSuchMethodError'{0x000000074dd17f10}: 'java.lang.Object java.lang.invoke.DirectMethodHandle$Holder.newInvokeSpecial(java.lang.Object, java.lang.Object, int, java.lang.Object, java.lang.Object)'> (0x000000074dd17f10) 
thrown [s\open\src\hotspot\share\interpreter\linkResolver.cpp, line 759]
Event: 10.925 Thread 0x0000022fdec98d80 Exception <a 'java/lang/NoSuchMethodError'{0x000000074dd23490}: 'java.lang.Object java.lang.invoke.DirectMethodHandle$Holder.invokeSpecial(java.lang.Object, java.lang.Object, int, java.lang.Object, int, java.lang.Object)'> (0x000000074dd23490) 
thrown [s\open\src\hotspot\share\interpreter\linkResolver.cpp, line 759]
Event: 10.926 Thread 0x0000022fdec98d80 Exception <a 'java/lang/NoSuchMethodError'{0x000000074dd2b298}: 'java.lang.Object java.lang.invoke.DirectMethodHandle$Holder.newInvokeSpecial(java.lang.Object, java.lang.Object, int, java.lang.Object, int)'> (0x000000074dd2b298) 
thrown [s\open\src\hotspot\share\interpreter\linkResolver.cpp, line 759]
Event: 10.926 Thread 0x0000022fdec98d80 Exception <a 'java/lang/NoSuchMethodError'{0x000000074dd2f398}: 'java.lang.Object java.lang.invoke.DirectMethodHandle$Holder.invokeSpecial(java.lang.Object, java.lang.Object, java.lang.Object, int, java.lang.Object, int)'> (0x000000074dd2f398) 
thrown [s\open\src\hotspot\share\interpreter\linkResolver.cpp, line 759]
Event: 18.802 Thread 0x0000022f837a4830 Exception <a 'java/lang/NoSuchMethodError'{0x000000074ca4d948}: 'java.lang.Object java.lang.invoke.DirectMethodHandle$Holder.invokeSpecial(java.lang.Object, java.lang.Object, java.lang.Object, java.lang.Object, java.lang.Object, long)'> (0x000000074ca4d948) 
thrown [s\open\src\hotspot\share\interpreter\linkResolver.cpp, line 759]
Event: 18.802 Thread 0x0000022f837a4830 Exception <a 'java/lang/NoSuchMethodError'{0x000000074ca51388}: 'java.lang.Object java.lang.invoke.Invokers$Holder.linkToTargetMethod(java.lang.Object, java.lang.Object, java.lang.Object, long, java.lang.Object)'> (0x000000074ca51388) 
thrown [s\open\src\hotspot\share\interpreter\linkResolver.cpp, line 759]
Event: 19.111 Thread 0x0000022f87d57c20 Exception <a 'java/lang/NoSuchMethodError'{0x00000007458943d8}: 'void java.lang.invoke.DirectMethodHandle$Holder.invokeSpecialIFC(java.lang.Object, java.lang.Object, int, java.lang.Object, java.lang.Object, java.lang.Object, java.lang.Object)'> (0x00000007458943d8) 
thrown [s\open\src\hotspot\share\interpreter\linkResolver.cpp, line 759]
Event: 1770.401 Thread 0x0000022f866cb720 Exception <a 'java/io/IOException'{0x00000007450741c0}> (0x00000007450741c0) 
thrown [s\open\src\hotspot\share\prims\jni.cpp, line 516]
Event: 1770.402 Thread 0x0000022f866cb720 Exception <a 'java/io/IOException'{0x0000000745074d00}> (0x0000000745074d00) 
thrown [s\open\src\hotspot\share\prims\jni.cpp, line 516]
Event: 1803.285 Thread 0x0000022f866cb720 Exception <a 'java/io/IOException'{0x000000074dd39fa0}> (0x000000074dd39fa0) 
thrown [s\open\src\hotspot\share\prims\jni.cpp, line 516]
Event: 1803.285 Thread 0x0000022f866cb720 Exception <a 'java/io/IOException'{0x000000074dd3aae0}> (0x000000074dd3aae0) 
thrown [s\open\src\hotspot\share\prims\jni.cpp, line 516]

VM Operations (20 events):
Event: 2476.309 Executing VM operation: HandshakeAllThreads
Event: 2476.310 Executing VM operation: HandshakeAllThreads done
Event: 2476.310 Executing VM operation: Cleanup
Event: 2476.310 Executing VM operation: Cleanup done
Event: 2477.313 Executing VM operation: Cleanup
Event: 2477.313 Executing VM operation: Cleanup done
Event: 2477.595 Executing VM operation: G1CollectForAllocation
Event: 2477.597 Executing VM operation: G1CollectForAllocation done
Event: 2478.601 Executing VM operation: Cleanup
Event: 2478.602 Executing VM operation: Cleanup done
Event: 2479.612 Executing VM operation: Cleanup
Event: 2479.612 Executing VM operation: Cleanup done
Event: 2480.942 Executing VM operation: G1CollectForAllocation
Event: 2480.944 Executing VM operation: G1CollectForAllocation done
Event: 2481.017 Executing VM operation: G1Concurrent
Event: 2481.024 Executing VM operation: G1Concurrent done
Event: 2481.059 Executing VM operation: G1Concurrent
Event: 2481.059 Executing VM operation: G1Concurrent done
Event: 2483.076 Executing VM operation: Cleanup
Event: 2483.076 Executing VM operation: Cleanup done

Events (20 events):
Event: 2476.336 Thread 0x0000022fff3788b0 flushing nmethod 0x0000022fe8f21010
Event: 2476.336 Thread 0x0000022fff3788b0 flushing nmethod 0x0000022fe8f2c990
Event: 2476.336 Thread 0x0000022fff3788b0 flushing nmethod 0x0000022fe8f36e10
Event: 2476.336 Thread 0x0000022fff3788b0 flushing nmethod 0x0000022fe8f3a810
Event: 2476.337 Thread 0x0000022fff3788b0 flushing nmethod 0x0000022fe8fa2e10
Event: 2476.337 Thread 0x0000022fff3788b0 flushing nmethod 0x0000022fe8fb8c90
Event: 2476.337 Thread 0x0000022fff3788b0 flushing nmethod 0x0000022fe8fbc290
Event: 2476.337 Thread 0x0000022fff3788b0 flushing nmethod 0x0000022fe900e910
Event: 2476.337 Thread 0x0000022fff3788b0 flushing nmethod 0x0000022fe9017010
Event: 2476.337 Thread 0x0000022fff3788b0 flushing nmethod 0x0000022fe9022b10
Event: 2476.337 Thread 0x0000022fff3788b0 flushing nmethod 0x0000022fe9023f90
Event: 2476.337 Thread 0x0000022fff3788b0 flushing nmethod 0x0000022fe9029910
Event: 2476.337 Thread 0x0000022fff3788b0 flushing nmethod 0x0000022fe902b290
Event: 2476.337 Thread 0x0000022fff3788b0 flushing nmethod 0x0000022fe904f210
Event: 2476.338 Thread 0x0000022fff3788b0 flushing nmethod 0x0000022fe90c4e10
Event: 2476.338 Thread 0x0000022fff3788b0 flushing nmethod 0x0000022fe90cb990
Event: 2476.338 Thread 0x0000022fff3788b0 flushing nmethod 0x0000022fe90cbf10
Event: 2477.232 Thread 0x0000022f86383c20 Thread added: 0x0000022f86383c20
Event: 2479.357 Thread 0x0000022f86383c20 Thread exited: 0x0000022f86383c20
Event: 2483.035 Thread 0x0000022f86380470 Thread added: 0x0000022f86380470


Dynamic libraries:
0x00007ff722080000 - 0x00007ff722090000 	C:\Program Files\Java\jdk-17\bin\java.exe
0x00007ffbfcc30000 - 0x00007ffbfce28000 	C:\Windows\SYSTEM32\ntdll.dll
0x00007ffbfbe90000 - 0x00007ffbfbf51000 	C:\Windows\System32\KERNEL32.DLL
0x00007ffbfa840000 - 0x00007ffbfab36000 	C:\Windows\System32\KERNELBASE.dll
0x00007ffbfa340000 - 0x00007ffbfa440000 	C:\Windows\System32\ucrtbase.dll
0x00007ffbf3ba0000 - 0x00007ffbf3bbb000 	C:\Program Files\Java\jdk-17\bin\VCRUNTIME140.dll
0x00007ffbf45d0000 - 0x00007ffbf45e9000 	C:\Program Files\Java\jdk-17\bin\jli.dll
0x00007ffbfc710000 - 0x00007ffbfc7c0000 	C:\Windows\System32\ADVAPI32.dll
0x00007ffbfc670000 - 0x00007ffbfc70e000 	C:\Windows\System32\msvcrt.dll
0x00007ffbfc560000 - 0x00007ffbfc600000 	C:\Windows\System32\sechost.dll
0x00007ffbfbd60000 - 0x00007ffbfbe83000 	C:\Windows\System32\RPCRT4.dll
0x00007ffbfa310000 - 0x00007ffbfa337000 	C:\Windows\System32\bcrypt.dll
0x00007ffbfc7c0000 - 0x00007ffbfc95f000 	C:\Windows\System32\USER32.dll
0x00007ffbfa2e0000 - 0x00007ffbfa302000 	C:\Windows\System32\win32u.dll
0x00007ffbfcbc0000 - 0x00007ffbfcbeb000 	C:\Windows\System32\GDI32.dll
0x00007ffbe5c20000 - 0x00007ffbe5eba000 	C:\Windows\WinSxS\amd64_microsoft.windows.common-controls_6595b64144ccf1df_6.0.19041.4355_none_60b8b9eb71f62e16\COMCTL32.dll
0x00007ffbfab40000 - 0x00007ffbfac57000 	C:\Windows\System32\gdi32full.dll
0x00007ffbfa440000 - 0x00007ffbfa4dd000 	C:\Windows\System32\msvcp_win.dll
0x00007ffbf4330000 - 0x00007ffbf433a000 	C:\Windows\SYSTEM32\VERSION.dll
0x00007ffbfbd30000 - 0x00007ffbfbd5f000 	C:\Windows\System32\IMM32.DLL
0x00007ffbf6d40000 - 0x00007ffbf6d4c000 	C:\Program Files\Java\jdk-17\bin\vcruntime140_1.dll
0x00007ffbde130000 - 0x00007ffbde1be000 	C:\Program Files\Java\jdk-17\bin\msvcp140.dll
0x00007ffb73320000 - 0x00007ffb73efd000 	C:\Program Files\Java\jdk-17\bin\server\jvm.dll
0x00007ffbfbf60000 - 0x00007ffbfbf68000 	C:\Windows\System32\PSAPI.DLL
0x00007ffbf6d30000 - 0x00007ffbf6d39000 	C:\Windows\SYSTEM32\WSOCK32.dll
0x00007ffbee9f0000 - 0x00007ffbeea17000 	C:\Windows\SYSTEM32\WINMM.dll
0x00007ffbfc050000 - 0x00007ffbfc0bb000 	C:\Windows\System32\WS2_32.dll
0x00007ffbf8160000 - 0x00007ffbf8172000 	C:\Windows\SYSTEM32\kernel.appcore.dll
0x00007ffbf6be0000 - 0x00007ffbf6bea000 	C:\Program Files\Java\jdk-17\bin\jimage.dll
0x00007ffbee740000 - 0x00007ffbee924000 	C:\Windows\SYSTEM32\DBGHELP.DLL
0x00007ffbe5b30000 - 0x00007ffbe5b64000 	C:\Windows\SYSTEM32\dbgcore.DLL
0x00007ffbfa5a0000 - 0x00007ffbfa622000 	C:\Windows\System32\bcryptPrimitives.dll
0x00007ffbf2d80000 - 0x00007ffbf2da5000 	C:\Program Files\Java\jdk-17\bin\java.dll
0x00007ffbdae10000 - 0x00007ffbdaee7000 	C:\Program Files\Java\jdk-17\bin\jsvml.dll
0x00007ffbfafc0000 - 0x00007ffbfb72c000 	C:\Windows\System32\SHELL32.dll
0x00007ffbf8360000 - 0x00007ffbf8afe000 	C:\Windows\SYSTEM32\windows.storage.dll
0x00007ffbfac60000 - 0x00007ffbfafb3000 	C:\Windows\System32\combase.dll
0x00007ffbf9d00000 - 0x00007ffbf9d2e000 	C:\Windows\SYSTEM32\Wldp.dll
0x00007ffbfbf70000 - 0x00007ffbfc03d000 	C:\Windows\System32\OLEAUT32.dll
0x00007ffbfbc00000 - 0x00007ffbfbcad000 	C:\Windows\System32\SHCORE.dll
0x00007ffbfbcd0000 - 0x00007ffbfbd25000 	C:\Windows\System32\shlwapi.dll
0x00007ffbfa210000 - 0x00007ffbfa234000 	C:\Windows\SYSTEM32\profapi.dll
0x00007ffbdfe60000 - 0x00007ffbdfe79000 	C:\Program Files\Java\jdk-17\bin\net.dll
0x00007ffbf2f70000 - 0x00007ffbf307a000 	C:\Windows\SYSTEM32\WINHTTP.dll
0x00007ffbf9a60000 - 0x00007ffbf9aca000 	C:\Windows\system32\mswsock.dll
0x00007ffbde110000 - 0x00007ffbde126000 	C:\Program Files\Java\jdk-17\bin\nio.dll
0x00007ffbde0f0000 - 0x00007ffbde108000 	C:\Program Files\Java\jdk-17\bin\zip.dll
0x00007ffbf3df0000 - 0x00007ffbf3dfd000 	C:\Program Files\Java\jdk-17\bin\sunmscapi.dll
0x00007ffbfa630000 - 0x00007ffbfa78e000 	C:\Windows\System32\CRYPT32.dll
0x00007ffbf9d70000 - 0x00007ffbf9d99000 	C:\Windows\SYSTEM32\ncrypt.dll
0x00007ffbf9d30000 - 0x00007ffbf9d6b000 	C:\Windows\SYSTEM32\NTASN1.dll
0x00007ffbf9c60000 - 0x00007ffbf9c78000 	C:\Windows\SYSTEM32\CRYPTSP.dll
0x00007ffbf9310000 - 0x00007ffbf9344000 	C:\Windows\system32\rsaenh.dll
0x00007ffbfa180000 - 0x00007ffbfa1ae000 	C:\Windows\SYSTEM32\USERENV.dll
0x00007ffbf9c50000 - 0x00007ffbf9c5c000 	C:\Windows\SYSTEM32\CRYPTBASE.dll
0x00007ffbf96f0000 - 0x00007ffbf972b000 	C:\Windows\SYSTEM32\IPHLPAPI.DLL
0x00007ffbfc660000 - 0x00007ffbfc668000 	C:\Windows\System32\NSI.dll
0x00007ffbf3840000 - 0x00007ffbf3857000 	C:\Windows\SYSTEM32\dhcpcsvc6.DLL
0x00007ffbf4660000 - 0x00007ffbf467d000 	C:\Windows\SYSTEM32\dhcpcsvc.DLL
0x00007ffbf9730000 - 0x00007ffbf97fa000 	C:\Windows\SYSTEM32\DNSAPI.dll
0x00007ffbf4000000 - 0x00007ffbf400a000 	C:\Program Files\Java\jdk-17\bin\management.dll
0x00007ffbf2d70000 - 0x00007ffbf2d7b000 	C:\Program Files\Java\jdk-17\bin\management_ext.dll
0x00007ffbf1360000 - 0x00007ffbf1370000 	C:\Program Files\Java\jdk-17\bin\verify.dll
0x00007ffbf1880000 - 0x00007ffbf188a000 	C:\Windows\System32\rasadhlp.dll
0x00007ffbf0f60000 - 0x00007ffbf0fe0000 	C:\Windows\System32\fwpuclnt.dll
0x00007ffbdfdc0000 - 0x00007ffbdfdc7000 	C:\Windows\system32\wshunix.dll

dbghelp: loaded successfully - version: 4.0.5 - missing functions: none
symbol engine: initialized successfully - sym options: 0x614 - pdb path: .;C:\Program Files\Java\jdk-17\bin;C:\Windows\SYSTEM32;C:\Windows\WinSxS\amd64_microsoft.windows.common-controls_6595b64144ccf1df_6.0.19041.4355_none_60b8b9eb71f62e16;C:\Program Files\Java\jdk-17\bin\server

VM Arguments:
jvm_args: -XX:+ShowCodeDetailsInExceptionMessages 
java_command: com.example.learningservice.UserProgressApplication
java_class_path (initial): D:\Std\DA 2\app\BE\user-progress\target\classes;C:\Users\lyery\.m2\repository\org\springframework\boot\spring-boot-starter-data-jpa\3.3.0\spring-boot-starter-data-jpa-3.3.0.jar;C:\Users\lyery\.m2\repository\org\springframework\boot\spring-boot-starter-aop\3.3.0\spring-boot-starter-aop-3.3.0.jar;C:\Users\lyery\.m2\repository\org\springframework\spring-aop\6.1.8\spring-aop-6.1.8.jar;C:\Users\lyery\.m2\repository\org\aspectj\aspectjweaver\1.9.22\aspectjweaver-1.9.22.jar;C:\Users\lyery\.m2\repository\org\springframework\boot\spring-boot-starter-jdbc\3.3.0\spring-boot-starter-jdbc-3.3.0.jar;C:\Users\lyery\.m2\repository\com\zaxxer\HikariCP\5.1.0\HikariCP-5.1.0.jar;C:\Users\lyery\.m2\repository\org\springframework\spring-jdbc\6.1.8\spring-jdbc-6.1.8.jar;C:\Users\lyery\.m2\repository\org\hibernate\orm\hibernate-core\6.5.2.Final\hibernate-core-6.5.2.Final.jar;C:\Users\lyery\.m2\repository\jakarta\persistence\jakarta.persistence-api\3.1.0\jakarta.persistence-api-3.1.0.jar;C:\Users\lyery\.m2\repository\jakarta\transaction\jakarta.transaction-api\2.0.1\jakarta.transaction-api-2.0.1.jar;C:\Users\lyery\.m2\repository\org\jboss\logging\jboss-logging\3.5.3.Final\jboss-logging-3.5.3.Final.jar;C:\Users\lyery\.m2\repository\org\hibernate\common\hibernate-commons-annotations\6.0.6.Final\hibernate-commons-annotations-6.0.6.Final.jar;C:\Users\lyery\.m2\repository\io\smallrye\jandex\3.1.2\jandex-3.1.2.jar;C:\Users\lyery\.m2\repository\com\fasterxml\classmate\1.7.0\classmate-1.7.0.jar;C:\Users\lyery\.m2\repository\net\bytebuddy\byte-buddy\1.14.16\byte-buddy-1.14.16.jar;C:\Users\lyery\.m2\repository\org\glassfish\jaxb\jaxb-runtime\4.0.5\jaxb-runtime-4.0.5.jar;C:\Users\lyery\.m2\repository\org\glassfish\jaxb\jaxb-core\4.0.5\jaxb-core-4.0.5.jar;C:\Users\lyery\.m2\repository\org\eclipse\angus\angus-activation\2.0.2\angus-activation-2.0.2.jar;C:\Users\lyery\.m2\repository\org\glassfish\jaxb\txw2\4.0.5\txw2-4.0.5.jar;C:\Users\lyery\.m2\repository\com\sun\istack\ista
Launcher Type: SUN_STANDARD

[Global flags]
     intx CICompilerCount                          = 4                                         {product} {ergonomic}
     uint ConcGCThreads                            = 2                                         {product} {ergonomic}
     uint G1ConcRefinementThreads                  = 8                                         {product} {ergonomic}
   size_t G1HeapRegionSize                         = 2097152                                   {product} {ergonomic}
    uintx GCDrainStackTargetSize                   = 64                                        {product} {ergonomic}
   size_t InitialHeapSize                          = 201326592                                 {product} {ergonomic}
   size_t MarkStackSize                            = 4194304                                   {product} {ergonomic}
   size_t MaxHeapSize                              = 3189768192                                {product} {ergonomic}
   size_t MaxNewSize                               = 1912602624                                {product} {ergonomic}
   size_t MinHeapDeltaBytes                        = 2097152                                   {product} {ergonomic}
   size_t MinHeapSize                              = 8388608                                   {product} {ergonomic}
    uintx NonNMethodCodeHeapSize                   = 5839372                                {pd product} {ergonomic}
    uintx NonProfiledCodeHeapSize                  = 122909434                              {pd product} {ergonomic}
    uintx ProfiledCodeHeapSize                     = 122909434                              {pd product} {ergonomic}
    uintx ReservedCodeCacheSize                    = 251658240                              {pd product} {ergonomic}
     bool SegmentedCodeCache                       = true                                      {product} {ergonomic}
     bool ShowCodeDetailsInExceptionMessages       = true                                   {manageable} {command line}
   size_t SoftMaxHeapSize                          = 3189768192                             {manageable} {ergonomic}
     bool UseCompressedClassPointers               = true                           {product lp64_product} {ergonomic}
     bool UseCompressedOops                        = true                           {product lp64_product} {ergonomic}
     bool UseG1GC                                  = true                                      {product} {ergonomic}
     bool UseLargePagesIndividualAllocation        = false                                  {pd product} {ergonomic}

Logging:
Log output configuration:
 #0: stdout all=warning uptime,level,tags
 #1: stderr all=off uptime,level,tags

Environment Variables:
PATH=C:\Program Files\Common Files\Oracle\Java\javapath;C:\Python311\Scripts\;C:\Python311\;C:\Windows\system32;C:\Windows;C:\Windows\System32\Wbem;C:\Windows\System32\WindowsPowerShell\v1.0\;C:\Windows\System32\OpenSSH\;D:\Software\NodeJs\;C:\ProgramData\chocolatey\bin;C:\Program Files\Git\cmd;C:\Program Files\Maven\apache-maven-3.9.3\bin;C:\Program Files\MySQL\MySQL Server 8.0\bin;;C:\Program Files\NVIDIA Corporation\NVIDIA NvDLISR;C:\Program Files (x86)\NVIDIA Corporation\PhysX\Common;C:\Program Files\MySQL\MySQL Shell 8.0\bin\;C:\Users\lyery\AppData\Local\Microsoft\WindowsApps;C:\Users\lyery\AppData\Local\Programs\Microsoft VS Code\bin;C:\Users\lyery\AppData\Roaming\npm;C:\Program Files\JetBrains\IntelliJ IDEA Community Edition 2023.2\bin;C:\Dev\flutter\bin;D:\Software\Visual studio code\Microsoft VS Code\bin
USERNAME=lyery
LANG=en_US.UTF-8
OS=Windows_NT
PROCESSOR_IDENTIFIER=Intel64 Family 6 Model 142 Stepping 10, GenuineIntel



---------------  S Y S T E M  ---------------

OS:
 Windows 10 , 64 bit Build 19041 (10.0.19041.4597)
OS uptime: 1 days 0:11 hours

CPU: total 8 (initial active 8) (4 cores per cpu, 2 threads per core) family 6 model 142 stepping 10 microcode 0xb4, cx8, cmov, fxsr, ht, mmx, 3dnowpref, sse, sse2, sse3, ssse3, sse4.1, sse4.2, popcnt, lzcnt, tsc, tscinvbit, avx, avx2, aes, erms, clmul, bmi1, bmi2, adx, fma, vzeroupper, clflush, clflushopt

Memory: 4k page, system-wide physical 12162M (709M free)
TotalPageFile size 31421M (AvailPageFile size 7M)
current process WorkingSet (physical memory assigned to process): 218M, peak: 320M
current process commit charge ("private bytes"): 323M, peak: 360M

vm_info: Java HotSpot(TM) 64-Bit Server VM (17.0.7+8-LTS-224) for windows-amd64 JRE (17.0.7+8-LTS-224), built on Feb 28 2023 23:03:02 by "mach5one" with MS VC++ 17.1 (VS2022)

END.
